Running from: /usr/local/Cellar/jenkins/2.141/libexec/jenkins.war
webroot: $user.home/.jenkins
十二月 15, 2018 10:25:24 下午 org.eclipse.jetty.util.log.Log initialized
信息: Logging initialized @806ms to org.eclipse.jetty.util.log.JavaUtilLog
十二月 15, 2018 10:25:24 下午 winstone.Logger logInternal
信息: Beginning extraction from war file
十二月 15, 2018 10:25:24 下午 org.eclipse.jetty.server.handler.ContextHandler setContextPath
警告: Empty contextPath
十二月 15, 2018 10:25:24 下午 org.eclipse.jetty.server.Server doStart
信息: jetty-9.4.z-SNAPSHOT; built: 2018-06-05T18:24:03.829Z; git: d5fc0523cfa96bfebfbda19606cad384d772f04c; jvm 1.8.0_161-b12
十二月 15, 2018 10:25:24 下午 org.eclipse.jetty.webapp.StandardDescriptorProcessor visitServlet
信息: NO JSP Support for /, did not find org.eclipse.jetty.jsp.JettyJspServlet
十二月 15, 2018 10:25:25 下午 org.eclipse.jetty.server.session.DefaultSessionIdManager doStart
信息: DefaultSessionIdManager workerName=node0
十二月 15, 2018 10:25:25 下午 org.eclipse.jetty.server.session.DefaultSessionIdManager doStart
信息: No SessionScavenger set, using defaults
十二月 15, 2018 10:25:25 下午 org.eclipse.jetty.server.session.HouseKeeper startScavenging
信息: node0 Scavenging every 660000ms
Jenkins home directory: /Users/xinxi/.jenkins found at: $user.home/.jenkins
十二月 15, 2018 10:25:27 下午 org.eclipse.jetty.server.handler.ContextHandler doStart
信息: Started w.@45385f75{Jenkins v2.141,/,file:///Users/xinxi/.jenkins/war/,AVAILABLE}{/Users/xinxi/.jenkins/war}
十二月 15, 2018 10:25:27 下午 org.eclipse.jetty.server.AbstractConnector doStop
信息: Stopped ServerConnector@7d322cad{HTTP/1.1,[http/1.1]}{0.0.0.0:8082}
十二月 15, 2018 10:25:27 下午 org.eclipse.jetty.server.session.HouseKeeper stopScavenging
信息: node0 Stopped scavenging
十二月 15, 2018 10:25:27 下午 hudson.WebAppMain contextDestroyed
信息: Shutting down a Jenkins instance that was still starting up
java.lang.Throwable: reason
	at hudson.WebAppMain.contextDestroyed(WebAppMain.java:388)
	at org.eclipse.jetty.server.handler.ContextHandler.callContextDestroyed(ContextHandler.java:961)
	at org.eclipse.jetty.servlet.ServletContextHandler.callContextDestroyed(ServletContextHandler.java:571)
	at org.eclipse.jetty.server.handler.ContextHandler.stopContext(ContextHandler.java:938)
	at org.eclipse.jetty.servlet.ServletContextHandler.stopContext(ServletContextHandler.java:381)
	at org.eclipse.jetty.webapp.WebAppContext.stopWebapp(WebAppContext.java:1503)
	at org.eclipse.jetty.webapp.WebAppContext.stopContext(WebAppContext.java:1467)
	at org.eclipse.jetty.server.handler.ContextHandler.doStop(ContextHandler.java:990)
	at org.eclipse.jetty.servlet.ServletContextHandler.doStop(ServletContextHandler.java:297)
	at org.eclipse.jetty.webapp.WebAppContext.doStop(WebAppContext.java:569)
	at org.eclipse.jetty.util.component.AbstractLifeCycle.stop(AbstractLifeCycle.java:89)
	at org.eclipse.jetty.util.component.ContainerLifeCycle.stop(ContainerLifeCycle.java:149)
	at org.eclipse.jetty.util.component.ContainerLifeCycle.doStop(ContainerLifeCycle.java:170)
	at org.eclipse.jetty.server.handler.AbstractHandler.doStop(AbstractHandler.java:124)
	at org.eclipse.jetty.server.Server.doStop(Server.java:490)
	at org.eclipse.jetty.util.component.AbstractLifeCycle.stop(AbstractLifeCycle.java:89)
	at winstone.Launcher.shutdown(Launcher.java:310)
	at winstone.Launcher.<init>(Launcher.java:197)
	at winstone.Launcher.main(Launcher.java:354)
	at sun.reflect.NativeMethodAccessorImpl.invoke0(Native Method)
	at sun.reflect.NativeMethodAccessorImpl.invoke(NativeMethodAccessorImpl.java:62)
	at sun.reflect.DelegatingMethodAccessorImpl.invoke(DelegatingMethodAccessorImpl.java:43)
	at java.lang.reflect.Method.invoke(Method.java:498)
	at Main._main(Main.java:344)
	at Main.main(Main.java:160)

Exception in thread "Jenkins initialization thread" 十二月 15, 2018 10:25:27 下午 org.eclipse.jetty.server.handler.ContextHandler doStop
信息: Stopped w.@45385f75{Jenkins v2.141,/,null,UNAVAILABLE}{/Users/xinxi/.jenkins/war}
java.lang.NoClassDefFoundError: hudson/util/HudsonFailedToLoad
	at hudson.WebAppMain$3.run(WebAppMain.java:247)
Caused by: java.lang.ClassNotFoundException: hudson.util.HudsonFailedToLoad
	at java.net.URLClassLoader.findClass(URLClassLoader.java:381)
	at java.lang.ClassLoader.loadClass(ClassLoader.java:424)
	at java.lang.ClassLoader.loadClass(ClassLoader.java:357)
	at org.eclipse.jetty.webapp.WebAppClassLoader.loadClass(WebAppClassLoader.java:565)
	at java.lang.ClassLoader.loadClass(ClassLoader.java:357)
	... 1 more
十二月 15, 2018 10:25:27 下午 winstone.Logger logInternal
信息: Jetty shutdown successfully
java.io.IOException: Failed to start Jetty
	at winstone.Launcher.<init>(Launcher.java:186)
	at winstone.Launcher.main(Launcher.java:354)
	at sun.reflect.NativeMethodAccessorImpl.invoke0(Native Method)
	at sun.reflect.NativeMethodAccessorImpl.invoke(NativeMethodAccessorImpl.java:62)
	at sun.reflect.DelegatingMethodAccessorImpl.invoke(DelegatingMethodAccessorImpl.java:43)
	at java.lang.reflect.Method.invoke(Method.java:498)
	at Main._main(Main.java:344)
	at Main.main(Main.java:160)
Caused by: java.net.BindException: Address already in use
	at sun.nio.ch.Net.bind0(Native Method)
	at sun.nio.ch.Net.bind(Net.java:433)
	at sun.nio.ch.Net.bind(Net.java:425)
	at sun.nio.ch.ServerSocketChannelImpl.bind(ServerSocketChannelImpl.java:223)
	at sun.nio.ch.ServerSocketAdaptor.bind(ServerSocketAdaptor.java:74)
	at org.eclipse.jetty.server.ServerConnector.openAcceptChannel(ServerConnector.java:331)
	at org.eclipse.jetty.server.ServerConnector.open(ServerConnector.java:299)
	at org.eclipse.jetty.server.AbstractNetworkConnector.doStart(AbstractNetworkConnector.java:80)
	at org.eclipse.jetty.server.ServerConnector.doStart(ServerConnector.java:235)
	at org.eclipse.jetty.util.component.AbstractLifeCycle.start(AbstractLifeCycle.java:68)
	at org.eclipse.jetty.server.Server.doStart(Server.java:398)
	at org.eclipse.jetty.util.component.AbstractLifeCycle.start(AbstractLifeCycle.java:68)
	at winstone.Launcher.<init>(Launcher.java:184)
	... 7 more
十二月 15, 2018 10:25:27 下午 winstone.Logger logInternal
严重: Container startup failed
java.io.IOException: Failed to start Jetty
	at winstone.Launcher.<init>(Launcher.java:186)
	at winstone.Launcher.main(Launcher.java:354)
	at sun.reflect.NativeMethodAccessorImpl.invoke0(Native Method)
	at sun.reflect.NativeMethodAccessorImpl.invoke(NativeMethodAccessorImpl.java:62)
	at sun.reflect.DelegatingMethodAccessorImpl.invoke(DelegatingMethodAccessorImpl.java:43)
	at java.lang.reflect.Method.invoke(Method.java:498)
	at Main._main(Main.java:344)
	at Main.main(Main.java:160)
Caused by: java.net.BindException: Address already in use
	at sun.nio.ch.Net.bind0(Native Method)
	at sun.nio.ch.Net.bind(Net.java:433)
	at sun.nio.ch.Net.bind(Net.java:425)
	at sun.nio.ch.ServerSocketChannelImpl.bind(ServerSocketChannelImpl.java:223)
	at sun.nio.ch.ServerSocketAdaptor.bind(ServerSocketAdaptor.java:74)
	at org.eclipse.jetty.server.ServerConnector.openAcceptChannel(ServerConnector.java:331)
	at org.eclipse.jetty.server.ServerConnector.open(ServerConnector.java:299)
	at org.eclipse.jetty.server.AbstractNetworkConnector.doStart(AbstractNetworkConnector.java:80)
	at org.eclipse.jetty.server.ServerConnector.doStart(ServerConnector.java:235)
	at org.eclipse.jetty.util.component.AbstractLifeCycle.start(AbstractLifeCycle.java:68)
	at org.eclipse.jetty.server.Server.doStart(Server.java:398)
	at org.eclipse.jetty.util.component.AbstractLifeCycle.start(AbstractLifeCycle.java:68)
	at winstone.Launcher.<init>(Launcher.java:184)
	... 7 more

